size:10000, constant network, 16 threads
cmd:./chord One_cluster_nobb_10000_hosts.xml chord10000.xml --cfg=contexts/stack_size:16 --cfg=network/model:Constant --cfg=network/latency_factor:0.1 --log=root.thres:critical --cfg=contexts/nthreads:16 --cfg=contexts/guard_size:0
###stderr
[0.000000] /root/SimGrid/src/xbt/parmap.c:139: [xbt_parmap/CRITICAL] BINDING THREAD TO CORE 0
[0.000000] /root/SimGrid/src/xbt/parmap.c:139: [xbt_parmap/CRITICAL] BINDING THREAD TO CORE 1
[0.000000] /root/SimGrid/src/xbt/parmap.c:139: [xbt_parmap/CRITICAL] BINDING THREAD TO CORE 2
[0.000000] /root/SimGrid/src/xbt/parmap.c:139: [xbt_parmap/CRITICAL] BINDING THREAD TO CORE 3
[0.000000] /root/SimGrid/src/xbt/parmap.c:139: [xbt_parmap/CRITICAL] BINDING THREAD TO CORE 4
[0.000000] /root/SimGrid/src/xbt/parmap.c:139: [xbt_parmap/CRITICAL] BINDING THREAD TO CORE 5
[0.000000] /root/SimGrid/src/xbt/parmap.c:139: [xbt_parmap/CRITICAL] BINDING THREAD TO CORE 6
[0.000000] /root/SimGrid/src/xbt/parmap.c:139: [xbt_parmap/CRITICAL] BINDING THREAD TO CORE 7
[0.000000] /root/SimGrid/src/xbt/parmap.c:139: [xbt_parmap/CRITICAL] BINDING THREAD TO CORE 8
[0.000000] /root/SimGrid/src/xbt/parmap.c:139: [xbt_parmap/CRITICAL] BINDING THREAD TO CORE 9
[0.000000] /root/SimGrid/src/xbt/parmap.c:139: [xbt_parmap/CRITICAL] BINDING THREAD TO CORE 10
[0.000000] /root/SimGrid/src/xbt/parmap.c:139: [xbt_parmap/CRITICAL] BINDING THREAD TO CORE 11
[0.000000] /root/SimGrid/src/xbt/parmap.c:139: [xbt_parmap/CRITICAL] BINDING THREAD TO CORE 12
[0.000000] /root/SimGrid/src/xbt/parmap.c:139: [xbt_parmap/CRITICAL] BINDING THREAD TO CORE 13
[0.000000] /root/SimGrid/src/xbt/parmap.c:139: [xbt_parmap/CRITICAL] BINDING THREAD TO CORE 14
[1251.393400] /root/SimGrid/src/simix/smx_global.c:452: [simix_kernel/CRITICAL] Process list size: 0
[1251.393400] chord.c:1067: [msg_chord/CRITICAL] Messages created: 3203871
### results
clock:92.99 user:137.54 sys:420.62 telapsed:1:32.99 swapped:0 exitval:0 max:256952k avg:0k 137.54
