size:30000, constant network, 24 threads
cmd:./chord One_cluster_nobb_30000_hosts.xml chord30000.xml --cfg=contexts/stack_size:16 --cfg=network/model:Constant --cfg=network/latency_factor:0.1 --log=root.thres:critical --cfg=contexts/nthreads:24 --cfg=contexts/guard_size:0
###stderr
[0.000000] /root/SimGrid/src/xbt/parmap.c:139: [xbt_parmap/CRITICAL] BINDING THREAD TO CORE 0
[0.000000] /root/SimGrid/src/xbt/parmap.c:139: [xbt_parmap/CRITICAL] BINDING THREAD TO CORE 1
[0.000000] /root/SimGrid/src/xbt/parmap.c:139: [xbt_parmap/CRITICAL] BINDING THREAD TO CORE 2
[0.000000] /root/SimGrid/src/xbt/parmap.c:139: [xbt_parmap/CRITICAL] BINDING THREAD TO CORE 3
[0.000000] /root/SimGrid/src/xbt/parmap.c:139: [xbt_parmap/CRITICAL] BINDING THREAD TO CORE 4
[0.000000] /root/SimGrid/src/xbt/parmap.c:139: [xbt_parmap/CRITICAL] BINDING THREAD TO CORE 5
[0.000000] /root/SimGrid/src/xbt/parmap.c:139: [xbt_parmap/CRITICAL] BINDING THREAD TO CORE 6
[0.000000] /root/SimGrid/src/xbt/parmap.c:139: [xbt_parmap/CRITICAL] BINDING THREAD TO CORE 7
[0.000000] /root/SimGrid/src/xbt/parmap.c:139: [xbt_parmap/CRITICAL] BINDING THREAD TO CORE 8
[0.000000] /root/SimGrid/src/xbt/parmap.c:139: [xbt_parmap/CRITICAL] BINDING THREAD TO CORE 9
[0.000000] /root/SimGrid/src/xbt/parmap.c:139: [xbt_parmap/CRITICAL] BINDING THREAD TO CORE 10
[0.000000] /root/SimGrid/src/xbt/parmap.c:139: [xbt_parmap/CRITICAL] BINDING THREAD TO CORE 11
[0.000000] /root/SimGrid/src/xbt/parmap.c:139: [xbt_parmap/CRITICAL] BINDING THREAD TO CORE 12
[0.000000] /root/SimGrid/src/xbt/parmap.c:139: [xbt_parmap/CRITICAL] BINDING THREAD TO CORE 13
[0.000000] /root/SimGrid/src/xbt/parmap.c:139: [xbt_parmap/CRITICAL] BINDING THREAD TO CORE 14
[0.000000] /root/SimGrid/src/xbt/parmap.c:139: [xbt_parmap/CRITICAL] BINDING THREAD TO CORE 15
[0.000000] /root/SimGrid/src/xbt/parmap.c:139: [xbt_parmap/CRITICAL] BINDING THREAD TO CORE 16
[0.000000] /root/SimGrid/src/xbt/parmap.c:139: [xbt_parmap/CRITICAL] BINDING THREAD TO CORE 17
[0.000000] /root/SimGrid/src/xbt/parmap.c:139: [xbt_parmap/CRITICAL] BINDING THREAD TO CORE 18
[0.000000] /root/SimGrid/src/xbt/parmap.c:139: [xbt_parmap/CRITICAL] BINDING THREAD TO CORE 19
[0.000000] /root/SimGrid/src/xbt/parmap.c:139: [xbt_parmap/CRITICAL] BINDING THREAD TO CORE 20
[0.000000] /root/SimGrid/src/xbt/parmap.c:139: [xbt_parmap/CRITICAL] BINDING THREAD TO CORE 21
[0.000000] /root/SimGrid/src/xbt/parmap.c:139: [xbt_parmap/CRITICAL] BINDING THREAD TO CORE 22
[1255.096300] /root/SimGrid/src/simix/smx_global.c:452: [simix_kernel/CRITICAL] Process list size: 0
[1255.096300] chord.c:1067: [msg_chord/CRITICAL] Messages created: 9693403
### results
clock:352.55 user:497.84 sys:2882.31 telapsed:5:52.55 swapped:0 exitval:0 max:758848k avg:0k 497.84
