size:3000, constant network, 16 threads
cmd:./chord One_cluster_nobb_3000_hosts.xml chord3000.xml --cfg=contexts/stack_size:16 --cfg=network/model:Constant --cfg=network/latency_factor:0.1 --log=root.thres:critical --cfg=contexts/nthreads:16 --cfg=contexts/guard_size:0
###stderr
[0.000000] /root/SimGrid/src/xbt/parmap.c:139: [xbt_parmap/CRITICAL] BINDING THREAD TO CORE 0
[0.000000] /root/SimGrid/src/xbt/parmap.c:139: [xbt_parmap/CRITICAL] BINDING THREAD TO CORE 1
[0.000000] /root/SimGrid/src/xbt/parmap.c:139: [xbt_parmap/CRITICAL] BINDING THREAD TO CORE 2
[0.000000] /root/SimGrid/src/xbt/parmap.c:139: [xbt_parmap/CRITICAL] BINDING THREAD TO CORE 3
[0.000000] /root/SimGrid/src/xbt/parmap.c:139: [xbt_parmap/CRITICAL] BINDING THREAD TO CORE 4
[0.000000] /root/SimGrid/src/xbt/parmap.c:139: [xbt_parmap/CRITICAL] BINDING THREAD TO CORE 5
[0.000000] /root/SimGrid/src/xbt/parmap.c:139: [xbt_parmap/CRITICAL] BINDING THREAD TO CORE 6
[0.000000] /root/SimGrid/src/xbt/parmap.c:139: [xbt_parmap/CRITICAL] BINDING THREAD TO CORE 7
[0.000000] /root/SimGrid/src/xbt/parmap.c:139: [xbt_parmap/CRITICAL] BINDING THREAD TO CORE 8
[0.000000] /root/SimGrid/src/xbt/parmap.c:139: [xbt_parmap/CRITICAL] BINDING THREAD TO CORE 9
[0.000000] /root/SimGrid/src/xbt/parmap.c:139: [xbt_parmap/CRITICAL] BINDING THREAD TO CORE 10
[0.000000] /root/SimGrid/src/xbt/parmap.c:139: [xbt_parmap/CRITICAL] BINDING THREAD TO CORE 11
[0.000000] /root/SimGrid/src/xbt/parmap.c:139: [xbt_parmap/CRITICAL] BINDING THREAD TO CORE 12
[0.000000] /root/SimGrid/src/xbt/parmap.c:139: [xbt_parmap/CRITICAL] BINDING THREAD TO CORE 13
[0.000000] /root/SimGrid/src/xbt/parmap.c:139: [xbt_parmap/CRITICAL] BINDING THREAD TO CORE 14
[1250.497400] /root/SimGrid/src/simix/smx_global.c:452: [simix_kernel/CRITICAL] Process list size: 0
[1250.497400] chord.c:1067: [msg_chord/CRITICAL] Messages created: 957911
### results
clock:29.77 user:39.47 sys:177.00 telapsed:0:29.77 swapped:0 exitval:0 max:80444k avg:0k 39.47
